#-----------------------------------------------------------
# Vivado v2024.2 (64-bit)
# SW Build 5239630 on Fri Nov 08 22:35:27 MST 2024
# IP Build 5239520 on Sun Nov 10 16:12:51 MST 2024
# SharedData Build 5239561 on Fri Nov 08 14:39:27 MST 2024
# Start of session at: Fri Apr 11 10:09:35 2025
# Process ID         : 3804
# Current directory  : C:/My Xillinx/Vivado/afe7225/project_adc_capture
# Command line       : vivado.exe -gui_launcher_event rodinguilauncherevent16928 C:\My Xillinx\Vivado\afe7225\project_adc_capture\project_adc_capture.xpr
# Log file           : C:/My Xillinx/Vivado/afe7225/project_adc_capture/vivado.log
# Journal file       : C:/My Xillinx/Vivado/afe7225/project_adc_capture\vivado.jou
# Running On         : DESKTOP-KKO2LTN
# Platform           : Windows Server 2016 or Windows 10
# Operating System   : 19045
# Processor Detail   : Intel(R) Core(TM) i5-7300HQ CPU @ 2.50GHz
# CPU Frequency      : 2496 MHz
# CPU Physical cores : 4
# CPU Logical cores  : 4
# Host memory        : 17096 MB
# Swap memory        : 2550 MB
# Total Virtual      : 19647 MB
# Available Virtual  : 12842 MB
#-----------------------------------------------------------
start_gui
open_project {C:/My Xillinx/Vivado/afe7225/project_adc_capture/project_adc_capture.xpr}
WARNING: [filemgmt 56-3] IP Repository Path: Could not find the directory 'C:/Users/muoin/OneDrive - Hanoi University of Science and Technology/Desktop/DATA_processing'.
Scanning sources...
Finished scanning sources
INFO: [IP_Flow 19-234] Refreshing IP repositories
WARNING: [IP_Flow 19-2248] Failed to load user IP repository 'c:/Users/muoin/OneDrive - Hanoi University of Science and Technology/Desktop/DATA_processing'; Can't find the specified path.
If this directory should no longer be in your list of user repositories, go to the IP Settings dialog and remove it.
INFO: [IP_Flow 19-2313] Loaded Vivado IP repository 'C:/Xilinx/Vivado/2024.2/data/ip'.
open_project: Time (s): cpu = 00:00:16 ; elapsed = 00:00:11 . Memory (MB): peak = 1232.238 ; gain = 163.062
update_compile_order -fileset sources_1
open_hw_manager
exit
INFO: [Common 17-206] Exiting Vivado at Fri Apr 11 10:11:06 2025...
